     17:12:44  Setting up
     17:12:44  Loading level
     17:12:44  Now accepting input on 25565
     17:12:44  Level saved! Load: 0/16
     17:12:44  To connect directly to this server, surf to: null
     17:12:44  (This is also in externalurl.txt)
2025-08-16 17:33:50 [INFO] Starting minecraft server version 1.2.5
2025-08-16 17:33:50 [INFO] Loading properties
2025-08-16 17:33:50 [INFO] Starting Minecraft server on *:25565
2025-08-16 17:33:50 [WARNING] **** SERVER IS RUNNING IN OFFLINE/INSECURE MODE!
2025-08-16 17:33:50 [WARNING] The server will make no attempt to authenticate usernames. Beware.
2025-08-16 17:33:50 [WARNING] While this makes the game possible to play without internet access, it also opens up the ability for hackers to connect with any username they choose.
2025-08-16 17:33:50 [WARNING] To change this, set "online-mode" to "true" in the server.settings file.
2025-08-16 17:33:50 [WARNING] Failed to load ban list: java.io.FileNotFoundException: banned-players.txt (The system cannot find the file specified)
2025-08-16 17:33:50 [WARNING] Failed to load ip ban list: java.io.FileNotFoundException: banned-ips.txt (The system cannot find the file specified)
2025-08-16 17:33:50 [WARNING] Failed to load operators list: java.io.FileNotFoundException: ops.txt (The system cannot find the file specified)
2025-08-16 17:33:50 [WARNING] Failed to load white-list: java.io.FileNotFoundException: white-list.txt (The system cannot find the file specified)
2025-08-16 17:33:50 [INFO] Preparing level "world"
2025-08-16 17:33:50 [INFO] Default game type: 0
2025-08-16 17:33:50 [INFO] Preparing start region for level 0
2025-08-16 17:33:51 [INFO] Preparing spawn area: 12%
2025-08-16 17:33:52 [INFO] Preparing spawn area: 24%
2025-08-16 17:33:53 [INFO] Preparing spawn area: 44%
2025-08-16 17:33:54 [INFO] Preparing spawn area: 69%
2025-08-16 17:33:55 [INFO] Preparing spawn area: 93%
2025-08-16 17:33:55 [INFO] Done (5,466s)! For help, type "help" or "?"
2025-08-16 17:34:28 [INFO] To run the server without a gui, start it like this:
2025-08-16 17:34:28 [INFO]    java -Xmx1024M -Xms1024M -jar minecraft_server.jar nogui
2025-08-16 17:34:28 [INFO] Console commands:
2025-08-16 17:34:28 [INFO]    help  or  ?               shows this message
2025-08-16 17:34:28 [INFO]    kick <player>             removes a player from the server
2025-08-16 17:34:28 [INFO]    ban <player>              bans a player from the server
2025-08-16 17:34:28 [INFO]    pardon <player>           pardons a banned player so that they can connect again
2025-08-16 17:34:28 [INFO]    ban-ip <ip>               bans an IP address from the server
2025-08-16 17:34:28 [INFO]    pardon-ip <ip>            pardons a banned IP address so that they can connect again
2025-08-16 17:34:28 [INFO]    op <player>               turns a player into an op
2025-08-16 17:34:28 [INFO]    deop <player>             removes op status from a player
2025-08-16 17:34:28 [INFO]    tp <player1> <player2>    moves one player to the same location as another player
2025-08-16 17:34:28 [INFO]    give <player> <id> [num]  gives a player a resource
2025-08-16 17:34:28 [INFO]    tell <player> <message>   sends a private message to a player
2025-08-16 17:34:28 [INFO]    stop                      gracefully stops the server
2025-08-16 17:34:28 [INFO]    save-all                  forces a server-wide level save
2025-08-16 17:34:28 [INFO]    save-off                  disables terrain saving (useful for backup scripts)
2025-08-16 17:34:28 [INFO]    save-on                   re-enables terrain saving
2025-08-16 17:34:28 [INFO]    list                      lists all currently connected players
2025-08-16 17:34:28 [INFO]    say <message>             broadcasts a message to all players
2025-08-16 17:34:28 [INFO]    time <add|set> <amount>   adds to or sets the world time (0-24000)
2025-08-16 17:34:28 [INFO]    gamemode <player> <mode>  sets player's game mode (0 or 1)
2025-08-16 17:34:28 [INFO]    toggledownfall            toggles rain on or off
2025-08-16 17:34:28 [INFO]    xp <player> <amount>      gives the player the amount of xp (0-5000)
2025-08-16 17:37:12 [INFO] Starting minecraft server version 1.2.5
2025-08-16 17:37:12 [INFO] Loading properties
2025-08-16 17:37:12 [INFO] Starting Minecraft server on *:25565
2025-08-16 17:37:12 [WARNING] **** SERVER IS RUNNING IN OFFLINE/INSECURE MODE!
2025-08-16 17:37:12 [WARNING] The server will make no attempt to authenticate usernames. Beware.
2025-08-16 17:37:12 [WARNING] While this makes the game possible to play without internet access, it also opens up the ability for hackers to connect with any username they choose.
2025-08-16 17:37:12 [WARNING] To change this, set "online-mode" to "true" in the server.settings file.
2025-08-16 17:37:12 [INFO] Preparing level "world"
2025-08-16 17:37:12 [INFO] Default game type: 0
2025-08-16 17:37:12 [INFO] Preparing start region for level 0
2025-08-16 17:37:13 [INFO] Preparing spawn area: 8%
2025-08-16 17:37:14 [INFO] Preparing spawn area: 28%
2025-08-16 17:37:15 [INFO] Preparing spawn area: 52%
2025-08-16 17:37:16 [INFO] Preparing spawn area: 69%
2025-08-16 17:37:17 [INFO] Preparing spawn area: 97%
2025-08-16 17:37:17 [INFO] Done (5,409s)! For help, type "help" or "?"
2025-08-16 17:47:00 [INFO] To run the server without a gui, start it like this:
2025-08-16 17:47:00 [INFO]    java -Xmx1024M -Xms1024M -jar minecraft_server.jar nogui
2025-08-16 17:47:00 [INFO] Console commands:
2025-08-16 17:47:00 [INFO]    help  or  ?               shows this message
2025-08-16 17:47:00 [INFO]    kick <player>             removes a player from the server
2025-08-16 17:47:00 [INFO]    ban <player>              bans a player from the server
2025-08-16 17:47:00 [INFO]    pardon <player>           pardons a banned player so that they can connect again
2025-08-16 17:47:00 [INFO]    ban-ip <ip>               bans an IP address from the server
2025-08-16 17:47:00 [INFO]    pardon-ip <ip>            pardons a banned IP address so that they can connect again
2025-08-16 17:47:00 [INFO]    op <player>               turns a player into an op
2025-08-16 17:47:00 [INFO]    deop <player>             removes op status from a player
2025-08-16 17:47:00 [INFO]    tp <player1> <player2>    moves one player to the same location as another player
2025-08-16 17:47:00 [INFO]    give <player> <id> [num]  gives a player a resource
2025-08-16 17:47:00 [INFO]    tell <player> <message>   sends a private message to a player
2025-08-16 17:47:00 [INFO]    stop                      gracefully stops the server
2025-08-16 17:47:00 [INFO]    save-all                  forces a server-wide level save
2025-08-16 17:47:00 [INFO]    save-off                  disables terrain saving (useful for backup scripts)
2025-08-16 17:47:00 [INFO]    save-on                   re-enables terrain saving
2025-08-16 17:47:00 [INFO]    list                      lists all currently connected players
2025-08-16 17:47:00 [INFO]    say <message>             broadcasts a message to all players
2025-08-16 17:47:00 [INFO]    time <add|set> <amount>   adds to or sets the world time (0-24000)
2025-08-16 17:47:00 [INFO]    gamemode <player> <mode>  sets player's game mode (0 or 1)
2025-08-16 17:47:00 [INFO]    toggledownfall            toggles rain on or off
2025-08-16 17:47:00 [INFO]    xp <player> <amount>      gives the player the amount of xp (0-5000)
2025-08-16 17:47:34 [INFO] CONSOLE: Stopping the server..
2025-08-16 17:47:34 [INFO] Stopping server
2025-08-16 17:47:34 [INFO] Saving chunks
2025-08-16 17:47:35 [INFO] Saving chunks
2025-08-16 17:47:35 [INFO] Saving chunks
2025-08-16 17:47:45 [INFO] Starting minecraft server version 1.2.5
2025-08-16 17:47:45 [INFO] Loading properties
2025-08-16 17:47:45 [INFO] Starting Minecraft server on 197.79.85.185:25565
2025-08-16 17:47:45 [WARNING] **** FAILED TO BIND TO PORT!
2025-08-16 17:47:45 [WARNING] The exception was: java.net.BindException: Cannot assign requested address: bind
2025-08-16 17:47:45 [WARNING] Perhaps a server is already running on that port?
2025-08-16 17:49:13 [INFO] Starting minecraft server version 1.2.5
2025-08-16 17:49:13 [INFO] Loading properties
2025-08-16 17:49:13 [INFO] Starting Minecraft server on *:25565
2025-08-16 17:49:14 [WARNING] **** SERVER IS RUNNING IN OFFLINE/INSECURE MODE!
2025-08-16 17:49:14 [WARNING] The server will make no attempt to authenticate usernames. Beware.
2025-08-16 17:49:14 [WARNING] While this makes the game possible to play without internet access, it also opens up the ability for hackers to connect with any username they choose.
2025-08-16 17:49:14 [WARNING] To change this, set "online-mode" to "true" in the server.settings file.
2025-08-16 17:49:14 [INFO] Preparing level "world"
2025-08-16 17:49:14 [INFO] Default game type: 0
2025-08-16 17:49:14 [INFO] Preparing start region for level 0
2025-08-16 17:49:15 [INFO] Preparing spawn area: 89%
2025-08-16 17:49:15 [INFO] Done (1,313s)! For help, type "help" or "?"
2025-08-16 17:51:31 [INFO] CONSOLE: Stopping the server..
2025-08-16 17:51:31 [INFO] Stopping server
2025-08-16 17:51:31 [INFO] Saving chunks
2025-08-16 17:51:31 [INFO] Saving chunks
2025-08-16 17:51:31 [INFO] Saving chunks
2025-08-16 18:13:49 [INFO] Starting minecraft server version 1.2.5
2025-08-16 18:13:49 [INFO] Loading properties
2025-08-16 18:13:49 [INFO] Starting Minecraft server on *:25565
2025-08-16 18:13:49 [WARNING] **** SERVER IS RUNNING IN OFFLINE/INSECURE MODE!
2025-08-16 18:13:49 [WARNING] The server will make no attempt to authenticate usernames. Beware.
2025-08-16 18:13:49 [WARNING] While this makes the game possible to play without internet access, it also opens up the ability for hackers to connect with any username they choose.
2025-08-16 18:13:49 [WARNING] To change this, set "online-mode" to "true" in the server.settings file.
2025-08-16 18:13:50 [INFO] Preparing level "world"
2025-08-16 18:13:50 [INFO] Default game type: 0
2025-08-16 18:13:50 [INFO] Preparing start region for level 0
2025-08-16 18:13:51 [INFO] Preparing spawn area: 57%
2025-08-16 18:13:51 [INFO] Done (1,549s)! For help, type "help" or "?"
2025-08-16 18:14:20 [INFO] Player [/26.157.52.193:49272] logged in with entity id 93 at (4.5, 46.62000000476837, 6.5)
2025-08-16 18:15:23 [WARNING] Can't keep up! Did the system time change, or is the server overloaded?
2025-08-16 18:15:47 [INFO] CONSOLE: Opping player
2025-08-16 18:16:04 [INFO] Player issued server command: gamemode 2
2025-08-16 18:16:15 [INFO] Player issued server command: gamemode 1
2025-08-16 18:16:23 [INFO] To run the server without a gui, start it like this:
2025-08-16 18:16:23 [INFO]    java -Xmx1024M -Xms1024M -jar minecraft_server.jar nogui
2025-08-16 18:16:23 [INFO] Console commands:
2025-08-16 18:16:23 [INFO]    help  or  ?               shows this message
2025-08-16 18:16:23 [INFO]    kick <player>             removes a player from the server
2025-08-16 18:16:23 [INFO]    ban <player>              bans a player from the server
2025-08-16 18:16:23 [INFO]    pardon <player>           pardons a banned player so that they can connect again
2025-08-16 18:16:23 [INFO]    ban-ip <ip>               bans an IP address from the server
2025-08-16 18:16:23 [INFO]    pardon-ip <ip>            pardons a banned IP address so that they can connect again
2025-08-16 18:16:23 [INFO]    op <player>               turns a player into an op
2025-08-16 18:16:23 [INFO]    deop <player>             removes op status from a player
2025-08-16 18:16:23 [INFO]    tp <player1> <player2>    moves one player to the same location as another player
2025-08-16 18:16:23 [INFO]    give <player> <id> [num]  gives a player a resource
2025-08-16 18:16:23 [INFO]    tell <player> <message>   sends a private message to a player
2025-08-16 18:16:23 [INFO]    stop                      gracefully stops the server
2025-08-16 18:16:23 [INFO]    save-all                  forces a server-wide level save
2025-08-16 18:16:23 [INFO]    save-off                  disables terrain saving (useful for backup scripts)
2025-08-16 18:16:23 [INFO]    save-on                   re-enables terrain saving
2025-08-16 18:16:23 [INFO]    list                      lists all currently connected players
2025-08-16 18:16:23 [INFO]    say <message>             broadcasts a message to all players
2025-08-16 18:16:23 [INFO]    time <add|set> <amount>   adds to or sets the world time (0-24000)
2025-08-16 18:16:23 [INFO]    gamemode <player> <mode>  sets player's game mode (0 or 1)
2025-08-16 18:16:23 [INFO]    toggledownfall            toggles rain on or off
2025-08-16 18:16:23 [INFO]    xp <player> <amount>      gives the player the amount of xp (0-5000)
2025-08-16 18:16:57 [INFO] CONSOLE: Player already has game mode 0
2025-08-16 18:17:02 [INFO] CONSOLE: Setting Player to game mode 1
2025-08-16 18:21:34 [INFO] Player lost connection: disconnect.quitting
2025-08-16 18:52:51 [INFO] Starting minecraft server version 1.2.5
2025-08-16 18:52:51 [INFO] Loading properties
2025-08-16 18:52:51 [INFO] Starting Minecraft server on *:25565
2025-08-16 18:52:51 [WARNING] **** SERVER IS RUNNING IN OFFLINE/INSECURE MODE!
2025-08-16 18:52:51 [WARNING] The server will make no attempt to authenticate usernames. Beware.
2025-08-16 18:52:51 [WARNING] While this makes the game possible to play without internet access, it also opens up the ability for hackers to connect with any username they choose.
2025-08-16 18:52:51 [WARNING] To change this, set "online-mode" to "true" in the server.settings file.
2025-08-16 18:52:51 [INFO] Preparing level "world"
2025-08-16 18:52:51 [INFO] Default game type: 0
2025-08-16 18:52:51 [INFO] Preparing start region for level 0
2025-08-16 18:52:52 [INFO] Preparing spawn area: 3%
2025-08-16 18:52:53 [INFO] Preparing spawn area: 4%
2025-08-16 18:52:54 [INFO] Preparing spawn area: 8%
2025-08-16 18:52:55 [INFO] Preparing spawn area: 12%
2025-08-16 18:52:56 [INFO] Preparing spawn area: 20%
2025-08-16 18:52:57 [INFO] Preparing spawn area: 28%
2025-08-16 18:52:58 [INFO] Preparing spawn area: 32%
2025-08-16 18:52:59 [INFO] Preparing spawn area: 40%
2025-08-16 18:53:00 [INFO] Preparing spawn area: 44%
2025-08-16 18:53:01 [INFO] Preparing spawn area: 52%
2025-08-16 18:53:02 [INFO] Preparing spawn area: 57%
2025-08-16 18:53:03 [INFO] Preparing spawn area: 65%
2025-08-16 18:53:04 [INFO] Preparing spawn area: 69%
2025-08-16 18:53:06 [INFO] Preparing spawn area: 77%
2025-08-16 18:53:07 [INFO] Preparing spawn area: 85%
2025-08-16 18:53:08 [INFO] Preparing spawn area: 97%
2025-08-16 18:53:08 [INFO] Done (17,155s)! For help, type "help" or "?"
2025-08-16 18:53:12 [WARNING] Can't keep up! Did the system time change, or is the server overloaded?
2025-08-16 18:53:15 [WARNING] Can't keep up! Did the system time change, or is the server overloaded?
2025-08-16 18:53:18 [WARNING] Can't keep up! Did the system time change, or is the server overloaded?
2025-08-16 18:53:21 [WARNING] Can't keep up! Did the system time change, or is the server overloaded?
2025-08-16 18:53:23 [WARNING] Can't keep up! Did the system time change, or is the server overloaded?
2025-08-16 18:53:35 [INFO] To run the server without a gui, start it like this:
2025-08-16 18:53:35 [INFO]    java -Xmx1024M -Xms1024M -jar minecraft_server.jar nogui
2025-08-16 18:53:35 [INFO] Console commands:
2025-08-16 18:53:35 [INFO]    help  or  ?               shows this message
2025-08-16 18:53:35 [INFO]    kick <player>             removes a player from the server
2025-08-16 18:53:35 [INFO]    ban <player>              bans a player from the server
2025-08-16 18:53:35 [INFO]    pardon <player>           pardons a banned player so that they can connect again
2025-08-16 18:53:35 [INFO]    ban-ip <ip>               bans an IP address from the server
2025-08-16 18:53:35 [INFO]    pardon-ip <ip>            pardons a banned IP address so that they can connect again
2025-08-16 18:53:35 [INFO]    op <player>               turns a player into an op
2025-08-16 18:53:35 [INFO]    deop <player>             removes op status from a player
2025-08-16 18:53:35 [INFO]    tp <player1> <player2>    moves one player to the same location as another player
2025-08-16 18:53:35 [INFO]    give <player> <id> [num]  gives a player a resource
2025-08-16 18:53:35 [INFO]    tell <player> <message>   sends a private message to a player
2025-08-16 18:53:35 [INFO]    stop                      gracefully stops the server
2025-08-16 18:53:35 [INFO]    save-all                  forces a server-wide level save
2025-08-16 18:53:35 [INFO]    save-off                  disables terrain saving (useful for backup scripts)
2025-08-16 18:53:35 [INFO]    save-on                   re-enables terrain saving
2025-08-16 18:53:35 [INFO]    list                      lists all currently connected players
2025-08-16 18:53:35 [INFO]    say <message>             broadcasts a message to all players
2025-08-16 18:53:35 [INFO]    time <add|set> <amount>   adds to or sets the world time (0-24000)
2025-08-16 18:53:35 [INFO]    gamemode <player> <mode>  sets player's game mode (0 or 1)
2025-08-16 18:53:35 [INFO]    toggledownfall            toggles rain on or off
2025-08-16 18:53:35 [INFO]    xp <player> <amount>      gives the player the amount of xp (0-5000)
2025-08-16 18:55:30 [INFO] Starting minecraft server version 1.2.5
2025-08-16 18:55:30 [INFO] Loading properties
2025-08-16 18:55:30 [INFO] Starting Minecraft server on *:25565
2025-08-16 18:55:30 [WARNING] **** SERVER IS RUNNING IN OFFLINE/INSECURE MODE!
2025-08-16 18:55:30 [WARNING] The server will make no attempt to authenticate usernames. Beware.
2025-08-16 18:55:30 [WARNING] While this makes the game possible to play without internet access, it also opens up the ability for hackers to connect with any username they choose.
2025-08-16 18:55:30 [WARNING] To change this, set "online-mode" to "true" in the server.settings file.
2025-08-16 18:55:30 [INFO] Preparing level "world"
2025-08-16 18:55:30 [INFO] Default game type: 0
2025-08-16 18:55:30 [INFO] Preparing start region for level 0
2025-08-16 18:55:31 [INFO] Preparing spawn area: 3%
2025-08-16 18:55:32 [INFO] Preparing spawn area: 4%
2025-08-16 18:55:33 [INFO] Preparing spawn area: 12%
2025-08-16 18:55:34 [INFO] Preparing spawn area: 20%
2025-08-16 18:55:35 [INFO] Preparing spawn area: 28%
2025-08-16 18:55:36 [INFO] Preparing spawn area: 40%
2025-08-16 18:55:37 [INFO] Preparing spawn area: 48%
2025-08-16 18:55:38 [INFO] Preparing spawn area: 57%
2025-08-16 18:55:39 [INFO] Preparing spawn area: 69%
2025-08-16 18:55:40 [INFO] Preparing spawn area: 89%
2025-08-16 18:55:41 [INFO] Done (10,957s)! For help, type "help" or "?"
2025-08-16 18:55:46 [WARNING] Can't keep up! Did the system time change, or is the server overloaded?
2025-08-16 18:55:51 [WARNING] Can't keep up! Did the system time change, or is the server overloaded?
2025-08-16 18:55:54 [INFO] /26.157.52.193:56314 lost connection
2025-08-16 18:56:03 [WARNING] Can't keep up! Did the system time change, or is the server overloaded?
2025-08-16 18:56:56 [INFO] /26.157.52.193:56325 lost connection
2025-08-16 18:57:07 [INFO] Unknown console command. Type "help" for help.
2025-08-16 18:57:16 [INFO] Unknown console command. Type "help" for help.
2025-08-16 18:57:21 [INFO] To run the server without a gui, start it like this:
2025-08-16 18:57:21 [INFO]    java -Xmx1024M -Xms1024M -jar minecraft_server.jar nogui
2025-08-16 18:57:21 [INFO] Console commands:
2025-08-16 18:57:21 [INFO]    help  or  ?               shows this message
2025-08-16 18:57:21 [INFO]    kick <player>             removes a player from the server
2025-08-16 18:57:21 [INFO]    ban <player>              bans a player from the server
2025-08-16 18:57:21 [INFO]    pardon <player>           pardons a banned player so that they can connect again
2025-08-16 18:57:21 [INFO]    ban-ip <ip>               bans an IP address from the server
2025-08-16 18:57:21 [INFO]    pardon-ip <ip>            pardons a banned IP address so that they can connect again
2025-08-16 18:57:21 [INFO]    op <player>               turns a player into an op
2025-08-16 18:57:21 [INFO]    deop <player>             removes op status from a player
2025-08-16 18:57:21 [INFO]    tp <player1> <player2>    moves one player to the same location as another player
2025-08-16 18:57:21 [INFO]    give <player> <id> [num]  gives a player a resource
2025-08-16 18:57:21 [INFO]    tell <player> <message>   sends a private message to a player
2025-08-16 18:57:21 [INFO]    stop                      gracefully stops the server
2025-08-16 18:57:21 [INFO]    save-all                  forces a server-wide level save
2025-08-16 18:57:21 [INFO]    save-off                  disables terrain saving (useful for backup scripts)
2025-08-16 18:57:21 [INFO]    save-on                   re-enables terrain saving
2025-08-16 18:57:21 [INFO]    list                      lists all currently connected players
2025-08-16 18:57:21 [INFO]    say <message>             broadcasts a message to all players
2025-08-16 18:57:21 [INFO]    time <add|set> <amount>   adds to or sets the world time (0-24000)
2025-08-16 18:57:21 [INFO]    gamemode <player> <mode>  sets player's game mode (0 or 1)
2025-08-16 18:57:21 [INFO]    toggledownfall            toggles rain on or off
2025-08-16 18:57:21 [INFO]    xp <player> <amount>      gives the player the amount of xp (0-5000)
2025-08-16 18:57:31 [INFO] CONSOLE: Stopping the server..
2025-08-16 18:57:31 [INFO] Stopping server
2025-08-16 18:57:31 [INFO] Saving chunks
2025-08-16 18:57:31 [INFO] Saving chunks
2025-08-16 18:57:31 [INFO] Saving chunks
2025-08-16 18:58:13 [INFO] Starting minecraft server version 1.2.5
2025-08-16 18:58:13 [INFO] Loading properties
2025-08-16 18:58:13 [INFO] Starting Minecraft server on *:25565
2025-08-16 18:58:13 [WARNING] **** SERVER IS RUNNING IN OFFLINE/INSECURE MODE!
2025-08-16 18:58:13 [WARNING] The server will make no attempt to authenticate usernames. Beware.
2025-08-16 18:58:13 [WARNING] While this makes the game possible to play without internet access, it also opens up the ability for hackers to connect with any username they choose.
2025-08-16 18:58:13 [WARNING] To change this, set "online-mode" to "true" in the server.settings file.
2025-08-16 18:58:13 [INFO] Preparing level "world"
2025-08-16 18:58:13 [INFO] Default game type: 0
2025-08-16 18:58:13 [INFO] Preparing start region for level 0
2025-08-16 18:58:14 [INFO] Preparing spawn area: 8%
2025-08-16 18:58:15 [INFO] Preparing spawn area: 40%
2025-08-16 18:58:16 [INFO] Preparing spawn area: 85%
2025-08-16 18:58:17 [INFO] Done (3,742s)! For help, type "help" or "?"
2025-08-16 19:03:26 [INFO] CONSOLE: Stopping the server..
2025-08-16 19:03:26 [INFO] Stopping server
2025-08-16 19:03:26 [INFO] Saving chunks
2025-08-16 19:03:27 [INFO] Saving chunks
2025-08-16 19:03:27 [INFO] Saving chunks
2025-08-16 19:03:32 [INFO] Starting minecraft server version 1.2.5
2025-08-16 19:03:32 [INFO] Loading properties
2025-08-16 19:03:32 [INFO] Starting Minecraft server on *:25565
2025-08-16 19:03:32 [WARNING] **** SERVER IS RUNNING IN OFFLINE/INSECURE MODE!
2025-08-16 19:03:32 [WARNING] The server will make no attempt to authenticate usernames. Beware.
2025-08-16 19:03:32 [WARNING] While this makes the game possible to play without internet access, it also opens up the ability for hackers to connect with any username they choose.
2025-08-16 19:03:32 [WARNING] To change this, set "online-mode" to "true" in the server.settings file.
2025-08-16 19:03:32 [INFO] Preparing level "world"
2025-08-16 19:03:32 [INFO] Default game type: 0
2025-08-16 19:03:33 [INFO] Preparing start region for level 0
2025-08-16 19:03:34 [INFO] Preparing spawn area: 65%
2025-08-16 19:03:34 [INFO] Done (1,465s)! For help, type "help" or "?"
2025-08-16 19:03:44 [INFO] /26.157.52.193:56424 lost connection
2025-08-16 19:03:50 [INFO] Player [/26.157.52.193:56425] logged in with entity id 127 at (-9.5, 65.62000000476837, -9.5)
2025-08-16 19:03:56 [WARNING] Can't keep up! Did the system time change, or is the server overloaded?
2025-08-16 19:03:59 [WARNING] Can't keep up! Did the system time change, or is the server overloaded?
2025-08-16 19:05:09 [INFO] CONSOLE: Setting Player to game mode 1
2025-08-16 19:12:11 [INFO] To run the server without a gui, start it like this:
2025-08-16 19:12:11 [INFO]    java -Xmx1024M -Xms1024M -jar minecraft_server.jar nogui
2025-08-16 19:12:11 [INFO] Console commands:
2025-08-16 19:12:11 [INFO]    help  or  ?               shows this message
2025-08-16 19:12:11 [INFO]    kick <player>             removes a player from the server
2025-08-16 19:12:11 [INFO]    ban <player>              bans a player from the server
2025-08-16 19:12:11 [INFO]    pardon <player>           pardons a banned player so that they can connect again
2025-08-16 19:12:11 [INFO]    ban-ip <ip>               bans an IP address from the server
2025-08-16 19:12:11 [INFO]    pardon-ip <ip>            pardons a banned IP address so that they can connect again
2025-08-16 19:12:11 [INFO]    op <player>               turns a player into an op
2025-08-16 19:12:11 [INFO]    deop <player>             removes op status from a player
2025-08-16 19:12:11 [INFO]    tp <player1> <player2>    moves one player to the same location as another player
2025-08-16 19:12:11 [INFO]    give <player> <id> [num]  gives a player a resource
2025-08-16 19:12:11 [INFO]    tell <player> <message>   sends a private message to a player
2025-08-16 19:12:11 [INFO]    stop                      gracefully stops the server
2025-08-16 19:12:11 [INFO]    save-all                  forces a server-wide level save
2025-08-16 19:12:11 [INFO]    save-off                  disables terrain saving (useful for backup scripts)
2025-08-16 19:12:11 [INFO]    save-on                   re-enables terrain saving
2025-08-16 19:12:11 [INFO]    list                      lists all currently connected players
2025-08-16 19:12:11 [INFO]    say <message>             broadcasts a message to all players
2025-08-16 19:12:11 [INFO]    time <add|set> <amount>   adds to or sets the world time (0-24000)
2025-08-16 19:12:11 [INFO]    gamemode <player> <mode>  sets player's game mode (0 or 1)
2025-08-16 19:12:12 [INFO]    toggledownfall            toggles rain on or off
2025-08-16 19:12:12 [INFO]    xp <player> <amount>      gives the player the amount of xp (0-5000)
2025-08-16 19:17:45 [INFO] Starting minecraft server version 1.2.5
2025-08-16 19:17:45 [INFO] Loading properties
2025-08-16 19:17:45 [INFO] Starting Minecraft server on *:25565
2025-08-16 19:17:45 [WARNING] **** SERVER IS RUNNING IN OFFLINE/INSECURE MODE!
2025-08-16 19:17:45 [WARNING] The server will make no attempt to authenticate usernames. Beware.
2025-08-16 19:17:45 [WARNING] While this makes the game possible to play without internet access, it also opens up the ability for hackers to connect with any username they choose.
2025-08-16 19:17:45 [WARNING] To change this, set "online-mode" to "true" in the server.settings file.
2025-08-16 19:17:45 [INFO] Preparing level "world"
2025-08-16 19:17:45 [INFO] Default game type: 0
2025-08-16 19:17:45 [INFO] Preparing start region for level 0
2025-08-16 19:17:45 [INFO] Done (0,456s)! For help, type "help" or "?"
2025-08-16 19:17:48 [INFO] To run the server without a gui, start it like this:
2025-08-16 19:17:48 [INFO]    java -Xmx1024M -Xms1024M -jar minecraft_server.jar nogui
2025-08-16 19:17:48 [INFO] Console commands:
2025-08-16 19:17:48 [INFO]    help  or  ?               shows this message
2025-08-16 19:17:48 [INFO]    kick <player>             removes a player from the server
2025-08-16 19:17:48 [INFO]    ban <player>              bans a player from the server
2025-08-16 19:17:48 [INFO]    pardon <player>           pardons a banned player so that they can connect again
2025-08-16 19:17:48 [INFO]    ban-ip <ip>               bans an IP address from the server
2025-08-16 19:17:48 [INFO]    pardon-ip <ip>            pardons a banned IP address so that they can connect again
2025-08-16 19:17:48 [INFO]    op <player>               turns a player into an op
2025-08-16 19:17:48 [INFO]    deop <player>             removes op status from a player
2025-08-16 19:17:48 [INFO]    tp <player1> <player2>    moves one player to the same location as another player
2025-08-16 19:17:48 [INFO]    give <player> <id> [num]  gives a player a resource
2025-08-16 19:17:48 [INFO]    tell <player> <message>   sends a private message to a player
2025-08-16 19:17:48 [INFO]    stop                      gracefully stops the server
2025-08-16 19:17:48 [INFO]    save-all                  forces a server-wide level save
2025-08-16 19:17:48 [INFO]    save-off                  disables terrain saving (useful for backup scripts)
2025-08-16 19:17:48 [INFO]    save-on                   re-enables terrain saving
2025-08-16 19:17:48 [INFO]    list                      lists all currently connected players
2025-08-16 19:17:48 [INFO]    say <message>             broadcasts a message to all players
2025-08-16 19:17:48 [INFO]    time <add|set> <amount>   adds to or sets the world time (0-24000)
2025-08-16 19:17:48 [INFO]    gamemode <player> <mode>  sets player's game mode (0 or 1)
2025-08-16 19:17:48 [INFO]    toggledownfall            toggles rain on or off
2025-08-16 19:17:48 [INFO]    xp <player> <amount>      gives the player the amount of xp (0-5000)
